This is XeTeX, Version 3.1415926-2.2-0.9995.2 (TeX Live 2009/Debian) (format=xelatex 2012.2.11)  22 AUG 2012 20:40
entering extended mode
 %&-line parsing enabled.
**chinese-spirit-memoirexit
(/usr/share/texmf-texlive/tex/latex/tools/q.tex
! Interruption.
<to be read again> 
                   \begingroup 
l.1 
    %%
? exit
 
Here is how much of TeX's memory you used:
 6 strings out of 494665
 164 string characters out of 1166477
 47149 words of memory out of 3000000
 3334 multiletter control sequences out of 15000+50000
 3640 words of font info for 14 fonts, out of 3000000 for 9000
 669 hyphenation exceptions out of 8191
 3i,0n,1p,35b,6s stack positions out of 5000i,500n,10000p,200000b,50000s
No pages of output.
